mode: atomic
github.com/aprksy/knitknot/pkg/graph/builder.go:20.52,26.30 2 17
github.com/aprksy/knitknot/pkg/graph/builder.go:26.30,28.3 1 0
github.com/aprksy/knitknot/pkg/graph/builder.go:29.2,29.32 1 17
github.com/aprksy/knitknot/pkg/graph/builder.go:32.61,37.30 2 30
github.com/aprksy/knitknot/pkg/graph/builder.go:37.30,39.3 1 17
github.com/aprksy/knitknot/pkg/graph/builder.go:40.2,40.10 1 30
github.com/aprksy/knitknot/pkg/graph/builder.go:43.63,50.2 2 13
github.com/aprksy/knitknot/pkg/graph/builder.go:52.41,55.2 2 1
github.com/aprksy/knitknot/pkg/graph/builder.go:57.51,62.9 3 13
github.com/aprksy/knitknot/pkg/graph/builder.go:62.9,67.3 1 2
github.com/aprksy/knitknot/pkg/graph/builder.go:69.2,70.23 2 13
github.com/aprksy/knitknot/pkg/graph/builder.go:70.23,72.3 1 0
github.com/aprksy/knitknot/pkg/graph/builder.go:74.2,75.19 2 13
github.com/aprksy/knitknot/pkg/graph/builder.go:75.19,77.3 1 1
github.com/aprksy/knitknot/pkg/graph/builder.go:79.2,83.10 4 13
github.com/aprksy/knitknot/pkg/graph/builder.go:86.77,93.2 2 13
github.com/aprksy/knitknot/pkg/graph/builder.go:95.67,96.28 1 1
github.com/aprksy/knitknot/pkg/graph/builder.go:96.28,98.3 1 0
github.com/aprksy/knitknot/pkg/graph/builder.go:99.2,101.10 3 1
github.com/aprksy/knitknot/pkg/graph/builder.go:104.48,107.2 2 0
github.com/aprksy/knitknot/pkg/graph/builder.go:109.70,112.2 2 10
github.com/aprksy/knitknot/pkg/graph/builder.go:115.56,117.2 1 1
github.com/aprksy/knitknot/pkg/graph/builder.go:119.37,123.2 3 13
github.com/aprksy/knitknot/pkg/graph/engine.go:21.65,27.2 1 8
github.com/aprksy/knitknot/pkg/graph/engine.go:30.75,33.2 2 0
github.com/aprksy/knitknot/pkg/graph/engine.go:35.63,38.2 2 0
github.com/aprksy/knitknot/pkg/graph/engine.go:41.84,43.2 1 17
github.com/aprksy/knitknot/pkg/graph/engine.go:46.83,48.2 1 8
github.com/aprksy/knitknot/pkg/graph/engine.go:51.63,53.2 1 0
github.com/aprksy/knitknot/pkg/graph/engine.go:56.99,59.2 2 10
github.com/aprksy/knitknot/pkg/graph/engine.go:62.56,64.2 1 0
github.com/aprksy/knitknot/pkg/graph/engine.go:67.71,70.2 2 0
github.com/aprksy/knitknot/pkg/graph/engine.go:73.66,75.2 1 12
github.com/aprksy/knitknot/pkg/graph/engine.go:78.52,80.2 1 0
