mode: atomic
github.com/aprksy/knitknot/pkg/dsl/lexer.go:10.36,16.2 3 16
github.com/aprksy/knitknot/pkg/dsl/lexer.go:18.28,19.36 1 393
github.com/aprksy/knitknot/pkg/dsl/lexer.go:19.36,21.3 1 27
github.com/aprksy/knitknot/pkg/dsl/lexer.go:21.8,23.3 1 366
github.com/aprksy/knitknot/pkg/dsl/lexer.go:24.2,25.18 2 393
github.com/aprksy/knitknot/pkg/dsl/lexer.go:28.35,34.14 4 130
github.com/aprksy/knitknot/pkg/dsl/lexer.go:35.11,36.55 1 10
github.com/aprksy/knitknot/pkg/dsl/lexer.go:37.11,38.58 1 21
github.com/aprksy/knitknot/pkg/dsl/lexer.go:39.11,40.58 1 18
github.com/aprksy/knitknot/pkg/dsl/lexer.go:41.11,42.57 1 11
github.com/aprksy/knitknot/pkg/dsl/lexer.go:43.12,46.13 3 28
github.com/aprksy/knitknot/pkg/dsl/lexer.go:47.9,48.38 1 14
github.com/aprksy/knitknot/pkg/dsl/lexer.go:49.10,50.21 1 28
github.com/aprksy/knitknot/pkg/dsl/lexer.go:50.21,54.4 3 23
github.com/aprksy/knitknot/pkg/dsl/lexer.go:54.9,54.27 1 5
github.com/aprksy/knitknot/pkg/dsl/lexer.go:54.27,58.4 3 5
github.com/aprksy/knitknot/pkg/dsl/lexer.go:58.9,60.4 1 0
github.com/aprksy/knitknot/pkg/dsl/lexer.go:64.2,65.12 2 74
github.com/aprksy/knitknot/pkg/dsl/lexer.go:68.34,69.66 1 130
github.com/aprksy/knitknot/pkg/dsl/lexer.go:69.66,71.3 1 24
github.com/aprksy/knitknot/pkg/dsl/lexer.go:74.41,76.53 2 23
github.com/aprksy/knitknot/pkg/dsl/lexer.go:76.53,78.3 1 90
github.com/aprksy/knitknot/pkg/dsl/lexer.go:79.2,79.32 1 23
github.com/aprksy/knitknot/pkg/dsl/lexer.go:82.37,86.32 3 28
github.com/aprksy/knitknot/pkg/dsl/lexer.go:86.32,88.3 1 125
github.com/aprksy/knitknot/pkg/dsl/lexer.go:92.2,95.18 2 28
github.com/aprksy/knitknot/pkg/dsl/lexer.go:95.18,97.3 1 27
github.com/aprksy/knitknot/pkg/dsl/lexer.go:99.2,99.10 1 28
github.com/aprksy/knitknot/pkg/dsl/lexer.go:102.37,104.20 2 5
github.com/aprksy/knitknot/pkg/dsl/lexer.go:104.20,106.3 1 9
github.com/aprksy/knitknot/pkg/dsl/lexer.go:107.2,107.32 1 5
github.com/aprksy/knitknot/pkg/dsl/lexer.go:110.29,112.2 1 141
github.com/aprksy/knitknot/pkg/dsl/lexer.go:114.28,116.2 1 42
github.com/aprksy/knitknot/pkg/dsl/parser.go:15.38,21.2 5 16
github.com/aprksy/knitknot/pkg/dsl/parser.go:23.30,26.2 2 130
github.com/aprksy/knitknot/pkg/dsl/parser.go:28.42,32.29 2 16
github.com/aprksy/knitknot/pkg/dsl/parser.go:32.29,33.31 1 23
github.com/aprksy/knitknot/pkg/dsl/parser.go:33.31,35.21 2 22
github.com/aprksy/knitknot/pkg/dsl/parser.go:35.21,37.5 1 4
github.com/aprksy/knitknot/pkg/dsl/parser.go:38.4,38.49 1 18
github.com/aprksy/knitknot/pkg/dsl/parser.go:39.9,41.4 1 1
github.com/aprksy/knitknot/pkg/dsl/parser.go:43.3,43.24 1 18
github.com/aprksy/knitknot/pkg/dsl/parser.go:43.24,45.4 1 8
github.com/aprksy/knitknot/pkg/dsl/parser.go:45.9,46.9 1 10
github.com/aprksy/knitknot/pkg/dsl/parser.go:50.2,50.28 1 11
github.com/aprksy/knitknot/pkg/dsl/parser.go:50.28,52.3 1 1
github.com/aprksy/knitknot/pkg/dsl/parser.go:54.2,54.19 1 10
github.com/aprksy/knitknot/pkg/dsl/parser.go:57.48,60.27 2 22
github.com/aprksy/knitknot/pkg/dsl/parser.go:60.27,62.3 1 1
github.com/aprksy/knitknot/pkg/dsl/parser.go:63.2,66.17 3 21
github.com/aprksy/knitknot/pkg/dsl/parser.go:66.17,68.3 1 3
github.com/aprksy/knitknot/pkg/dsl/parser.go:70.2,74.20 2 18
github.com/aprksy/knitknot/pkg/dsl/parser.go:77.48,80.31 2 21
github.com/aprksy/knitknot/pkg/dsl/parser.go:80.31,84.17 3 21
github.com/aprksy/knitknot/pkg/dsl/parser.go:84.17,86.4 1 21
github.com/aprksy/knitknot/pkg/dsl/parser.go:88.3,88.33 1 21
github.com/aprksy/knitknot/pkg/dsl/parser.go:88.33,92.18 4 11
github.com/aprksy/knitknot/pkg/dsl/parser.go:92.18,94.5 1 11
github.com/aprksy/knitknot/pkg/dsl/parser.go:103.2,103.27 1 21
github.com/aprksy/knitknot/pkg/dsl/parser.go:103.27,105.3 1 3
github.com/aprksy/knitknot/pkg/dsl/parser.go:107.2,107.13 1 18
github.com/aprksy/knitknot/pkg/dsl/parser.go:110.47,111.25 1 32
github.com/aprksy/knitknot/pkg/dsl/parser.go:112.14,113.51 1 27
github.com/aprksy/knitknot/pkg/dsl/parser.go:114.14,115.61 1 5
github.com/aprksy/knitknot/pkg/dsl/parser.go:115.61,117.4 1 5
github.com/aprksy/knitknot/pkg/dsl/parser.go:119.2,120.12 2 0
github.com/aprksy/knitknot/pkg/dsl/parser.go:123.47,124.27 1 61
github.com/aprksy/knitknot/pkg/dsl/parser.go:124.27,127.3 2 47
github.com/aprksy/knitknot/pkg/dsl/parser.go:128.2,129.14 2 14
