mode: atomic
github.com/aprksy/knitknot/pkg/dsl/lexer.go:10.36,16.2 3 16
github.com/aprksy/knitknot/pkg/dsl/lexer.go:18.28,19.36 1 393
github.com/aprksy/knitknot/pkg/dsl/lexer.go:19.36,21.3 1 27
github.com/aprksy/knitknot/pkg/dsl/lexer.go:21.8,23.3 1 366
github.com/aprksy/knitknot/pkg/dsl/lexer.go:24.2,25.18 2 393
github.com/aprksy/knitknot/pkg/dsl/lexer.go:28.35,34.14 4 130
github.com/aprksy/knitknot/pkg/dsl/lexer.go:35.11,36.55 1 10
github.com/aprksy/knitknot/pkg/dsl/lexer.go:37.11,38.58 1 21
github.com/aprksy/knitknot/pkg/dsl/lexer.go:39.11,40.58 1 18
github.com/aprksy/knitknot/pkg/dsl/lexer.go:41.11,42.57 1 11
github.com/aprksy/knitknot/pkg/dsl/lexer.go:43.12,46.13 3 28
github.com/aprksy/knitknot/pkg/dsl/lexer.go:47.9,48.38 1 14
github.com/aprksy/knitknot/pkg/dsl/lexer.go:49.10,50.21 1 28
github.com/aprksy/knitknot/pkg/dsl/lexer.go:50.21,54.4 3 23
github.com/aprksy/knitknot/pkg/dsl/lexer.go:54.9,54.27 1 5
github.com/aprksy/knitknot/pkg/dsl/lexer.go:54.27,58.4 3 5
github.com/aprksy/knitknot/pkg/dsl/lexer.go:58.9,60.4 1 0
github.com/aprksy/knitknot/pkg/dsl/lexer.go:64.2,65.12 2 74
github.com/aprksy/knitknot/pkg/dsl/lexer.go:68.34,69.66 1 130
github.com/aprksy/knitknot/pkg/dsl/lexer.go:69.66,71.3 1 24
github.com/aprksy/knitknot/pkg/dsl/lexer.go:74.41,76.53 2 23
github.com/aprksy/knitknot/pkg/dsl/lexer.go:76.53,78.3 1 90
github.com/aprksy/knitknot/pkg/dsl/lexer.go:79.2,79.32 1 23
github.com/aprksy/knitknot/pkg/dsl/lexer.go:82.37,86.32 3 28
github.com/aprksy/knitknot/pkg/dsl/lexer.go:86.32,88.3 1 125
github.com/aprksy/knitknot/pkg/dsl/lexer.go:92.2,95.18 2 28
github.com/aprksy/knitknot/pkg/dsl/lexer.go:95.18,97.3 1 27
github.com/aprksy/knitknot/pkg/dsl/lexer.go:99.2,99.10 1 28
github.com/aprksy/knitknot/pkg/dsl/lexer.go:102.37,104.20 2 5
github.com/aprksy/knitknot/pkg/dsl/lexer.go:104.20,106.3 1 9
github.com/aprksy/knitknot/pkg/dsl/lexer.go:107.2,107.32 1 5
github.com/aprksy/knitknot/pkg/dsl/lexer.go:110.29,112.2 1 141
github.com/aprksy/knitknot/pkg/dsl/lexer.go:114.28,116.2 1 42
github.com/aprksy/knitknot/pkg/dsl/parser.go:15.38,21.2 5 16
github.com/aprksy/knitknot/pkg/dsl/parser.go:23.30,26.2 2 130
github.com/aprksy/knitknot/pkg/dsl/parser.go:28.42,32.29 2 16
github.com/aprksy/knitknot/pkg/dsl/parser.go:32.29,33.31 1 23
github.com/aprksy/knitknot/pkg/dsl/parser.go:33.31,35.21 2 22
github.com/aprksy/knitknot/pkg/dsl/parser.go:35.21,37.5 1 4
github.com/aprksy/knitknot/pkg/dsl/parser.go:38.4,38.49 1 18
github.com/aprksy/knitknot/pkg/dsl/parser.go:39.9,41.4 1 1
github.com/aprksy/knitknot/pkg/dsl/parser.go:43.3,43.24 1 18
github.com/aprksy/knitknot/pkg/dsl/parser.go:43.24,45.4 1 8
github.com/aprksy/knitknot/pkg/dsl/parser.go:45.9,46.9 1 10
github.com/aprksy/knitknot/pkg/dsl/parser.go:50.2,50.28 1 11
github.com/aprksy/knitknot/pkg/dsl/parser.go:50.28,52.3 1 1
github.com/aprksy/knitknot/pkg/dsl/parser.go:54.2,54.19 1 10
github.com/aprksy/knitknot/pkg/dsl/parser.go:57.48,60.27 2 22
github.com/aprksy/knitknot/pkg/dsl/parser.go:60.27,62.3 1 1
github.com/aprksy/knitknot/pkg/dsl/parser.go:63.2,66.17 3 21
github.com/aprksy/knitknot/pkg/dsl/parser.go:66.17,68.3 1 3
github.com/aprksy/knitknot/pkg/dsl/parser.go:70.2,74.20 2 18
github.com/aprksy/knitknot/pkg/dsl/parser.go:77.48,80.31 2 21
github.com/aprksy/knitknot/pkg/dsl/parser.go:80.31,84.17 3 21
github.com/aprksy/knitknot/pkg/dsl/parser.go:84.17,86.4 1 21
github.com/aprksy/knitknot/pkg/dsl/parser.go:88.3,88.33 1 21
github.com/aprksy/knitknot/pkg/dsl/parser.go:88.33,92.18 4 11
github.com/aprksy/knitknot/pkg/dsl/parser.go:92.18,94.5 1 11
github.com/aprksy/knitknot/pkg/dsl/parser.go:103.2,103.27 1 21
github.com/aprksy/knitknot/pkg/dsl/parser.go:103.27,105.3 1 3
github.com/aprksy/knitknot/pkg/dsl/parser.go:107.2,107.13 1 18
github.com/aprksy/knitknot/pkg/dsl/parser.go:110.47,111.25 1 32
github.com/aprksy/knitknot/pkg/dsl/parser.go:112.14,113.51 1 27
github.com/aprksy/knitknot/pkg/dsl/parser.go:114.14,115.61 1 5
github.com/aprksy/knitknot/pkg/dsl/parser.go:115.61,117.4 1 5
github.com/aprksy/knitknot/pkg/dsl/parser.go:119.2,120.12 2 0
github.com/aprksy/knitknot/pkg/dsl/parser.go:123.47,124.27 1 61
github.com/aprksy/knitknot/pkg/dsl/parser.go:124.27,127.3 2 47
github.com/aprksy/knitknot/pkg/dsl/parser.go:128.2,129.14 2 14
github.com/aprksy/knitknot/pkg/graph/builder.go:20.52,26.30 2 17
github.com/aprksy/knitknot/pkg/graph/builder.go:26.30,28.3 1 0
github.com/aprksy/knitknot/pkg/graph/builder.go:29.2,29.32 1 17
github.com/aprksy/knitknot/pkg/graph/builder.go:32.61,37.30 2 30
github.com/aprksy/knitknot/pkg/graph/builder.go:37.30,39.3 1 17
github.com/aprksy/knitknot/pkg/graph/builder.go:40.2,40.10 1 30
github.com/aprksy/knitknot/pkg/graph/builder.go:43.63,50.2 2 13
github.com/aprksy/knitknot/pkg/graph/builder.go:52.41,55.2 2 1
github.com/aprksy/knitknot/pkg/graph/builder.go:57.51,62.9 3 13
github.com/aprksy/knitknot/pkg/graph/builder.go:62.9,67.3 1 2
github.com/aprksy/knitknot/pkg/graph/builder.go:69.2,70.23 2 13
github.com/aprksy/knitknot/pkg/graph/builder.go:70.23,72.3 1 0
github.com/aprksy/knitknot/pkg/graph/builder.go:74.2,75.19 2 13
github.com/aprksy/knitknot/pkg/graph/builder.go:75.19,77.3 1 1
github.com/aprksy/knitknot/pkg/graph/builder.go:79.2,83.10 4 13
github.com/aprksy/knitknot/pkg/graph/builder.go:86.77,93.2 2 13
github.com/aprksy/knitknot/pkg/graph/builder.go:95.67,96.28 1 1
github.com/aprksy/knitknot/pkg/graph/builder.go:96.28,98.3 1 0
github.com/aprksy/knitknot/pkg/graph/builder.go:99.2,101.10 3 1
github.com/aprksy/knitknot/pkg/graph/builder.go:104.48,107.2 2 0
github.com/aprksy/knitknot/pkg/graph/builder.go:109.70,112.2 2 10
github.com/aprksy/knitknot/pkg/graph/builder.go:115.56,117.2 1 1
github.com/aprksy/knitknot/pkg/graph/builder.go:119.37,123.2 3 13
github.com/aprksy/knitknot/pkg/graph/engine.go:21.65,27.2 1 8
github.com/aprksy/knitknot/pkg/graph/engine.go:30.75,33.2 2 0
github.com/aprksy/knitknot/pkg/graph/engine.go:35.63,38.2 2 0
github.com/aprksy/knitknot/pkg/graph/engine.go:41.84,43.2 1 17
github.com/aprksy/knitknot/pkg/graph/engine.go:46.83,48.2 1 8
github.com/aprksy/knitknot/pkg/graph/engine.go:51.63,53.2 1 0
github.com/aprksy/knitknot/pkg/graph/engine.go:56.63,58.2 1 0
github.com/aprksy/knitknot/pkg/graph/engine.go:61.99,64.2 2 10
github.com/aprksy/knitknot/pkg/graph/engine.go:67.56,69.2 1 0
github.com/aprksy/knitknot/pkg/graph/engine.go:72.71,75.2 2 0
github.com/aprksy/knitknot/pkg/graph/engine.go:78.66,80.2 1 12
github.com/aprksy/knitknot/pkg/graph/engine.go:83.52,85.2 1 0
github.com/aprksy/knitknot/pkg/graph/engine.go:87.74,89.2 1 0
github.com/aprksy/knitknot/pkg/graph/engine.go:91.74,93.2 1 0
github.com/aprksy/knitknot/pkg/graph/engine.go:95.52,97.2 1 0
github.com/aprksy/knitknot/pkg/graph/engine.go:99.64,101.2 1 0
github.com/aprksy/knitknot/pkg/query/default.go:17.50,19.2 1 8
github.com/aprksy/knitknot/pkg/query/default.go:25.28,29.26 2 6
github.com/aprksy/knitknot/pkg/query/default.go:29.26,31.3 1 0
github.com/aprksy/knitknot/pkg/query/default.go:33.2,36.34 3 6
github.com/aprksy/knitknot/pkg/query/default.go:36.34,42.3 2 16
github.com/aprksy/knitknot/pkg/query/default.go:45.2,45.41 1 6
github.com/aprksy/knitknot/pkg/query/default.go:45.41,47.3 1 2
github.com/aprksy/knitknot/pkg/query/default.go:50.2,53.60 2 6
github.com/aprksy/knitknot/pkg/query/default.go:53.60,55.3 1 0
github.com/aprksy/knitknot/pkg/query/default.go:57.2,57.36 1 6
github.com/aprksy/knitknot/pkg/query/default.go:60.101,61.28 1 10
github.com/aprksy/knitknot/pkg/query/default.go:61.28,64.22 2 10
github.com/aprksy/knitknot/pkg/query/default.go:64.22,65.12 1 0
github.com/aprksy/knitknot/pkg/query/default.go:67.3,70.10 3 10
github.com/aprksy/knitknot/pkg/query/default.go:70.10,72.4 1 0
github.com/aprksy/knitknot/pkg/query/default.go:74.3,75.10 2 10
github.com/aprksy/knitknot/pkg/query/default.go:75.10,77.4 1 0
github.com/aprksy/knitknot/pkg/query/default.go:79.3,79.35 1 10
github.com/aprksy/knitknot/pkg/query/default.go:79.35,81.4 1 4
github.com/aprksy/knitknot/pkg/query/default.go:83.2,83.13 1 6
github.com/aprksy/knitknot/pkg/query/default.go:86.127,88.27 2 6
github.com/aprksy/knitknot/pkg/query/default.go:88.27,89.36 1 10
github.com/aprksy/knitknot/pkg/query/default.go:89.36,91.4 1 6
github.com/aprksy/knitknot/pkg/query/default.go:94.2,94.15 1 6
github.com/aprksy/knitknot/pkg/query/default.go:97.98,98.26 1 2
github.com/aprksy/knitknot/pkg/query/default.go:98.26,99.23 1 4
github.com/aprksy/knitknot/pkg/query/default.go:99.23,101.4 1 2
github.com/aprksy/knitknot/pkg/query/default.go:103.2,103.11 1 0
github.com/aprksy/knitknot/pkg/query/default.go:112.28,119.27 5 2
github.com/aprksy/knitknot/pkg/query/default.go:119.27,121.10 2 8
github.com/aprksy/knitknot/pkg/query/default.go:121.10,122.12 1 0
github.com/aprksy/knitknot/pkg/query/default.go:126.3,126.55 1 8
github.com/aprksy/knitknot/pkg/query/default.go:126.55,127.22 1 4
github.com/aprksy/knitknot/pkg/query/default.go:127.22,128.13 1 1
github.com/aprksy/knitknot/pkg/query/default.go:132.4,132.52 1 3
github.com/aprksy/knitknot/pkg/query/default.go:132.52,133.13 1 1
github.com/aprksy/knitknot/pkg/query/default.go:136.4,137.11 2 2
github.com/aprksy/knitknot/pkg/query/default.go:137.11,138.13 1 0
github.com/aprksy/knitknot/pkg/query/default.go:141.4,142.60 2 2
github.com/aprksy/knitknot/pkg/query/default.go:142.60,143.13 1 0
github.com/aprksy/knitknot/pkg/query/default.go:146.4,151.39 3 2
github.com/aprksy/knitknot/pkg/query/default.go:155.2,155.17 1 2
github.com/aprksy/knitknot/pkg/query/default.go:158.95,159.28 1 3
github.com/aprksy/knitknot/pkg/query/default.go:159.28,161.10 2 2
github.com/aprksy/knitknot/pkg/query/default.go:161.10,163.4 1 0
github.com/aprksy/knitknot/pkg/query/default.go:164.3,164.35 1 2
github.com/aprksy/knitknot/pkg/query/default.go:164.35,166.4 1 1
github.com/aprksy/knitknot/pkg/query/default.go:168.2,168.13 1 2
github.com/aprksy/knitknot/pkg/query/default.go:171.63,172.14 1 8
github.com/aprksy/knitknot/pkg/query/default.go:172.14,174.3 1 0
github.com/aprksy/knitknot/pkg/query/default.go:175.2,176.22 2 8
github.com/aprksy/knitknot/pkg/query/default.go:176.22,178.3 1 10
github.com/aprksy/knitknot/pkg/query/default.go:179.2,179.11 1 8
github.com/aprksy/knitknot/pkg/query/default.go:182.74,184.26 2 6
github.com/aprksy/knitknot/pkg/query/default.go:184.26,185.23 1 19
github.com/aprksy/knitknot/pkg/query/default.go:185.23,187.4 1 16
github.com/aprksy/knitknot/pkg/query/default.go:189.2,189.17 1 6
github.com/aprksy/knitknot/pkg/query/default.go:192.44,193.12 1 12
github.com/aprksy/knitknot/pkg/query/default.go:194.11,195.16 1 4
github.com/aprksy/knitknot/pkg/query/default.go:196.12,197.16 1 2
github.com/aprksy/knitknot/pkg/query/default.go:198.11,199.31 1 4
github.com/aprksy/knitknot/pkg/query/default.go:199.31,200.32 1 4
github.com/aprksy/knitknot/pkg/query/default.go:200.32,202.5 1 4
github.com/aprksy/knitknot/pkg/query/default.go:204.11,205.31 1 2
github.com/aprksy/knitknot/pkg/query/default.go:205.31,206.32 1 2
github.com/aprksy/knitknot/pkg/query/default.go:206.32,208.5 1 2
github.com/aprksy/knitknot/pkg/query/default.go:211.2,211.14 1 0
github.com/aprksy/knitknot/pkg/query/default.go:214.37,215.23 1 12
github.com/aprksy/knitknot/pkg/query/default.go:216.15,217.17 1 2
github.com/aprksy/knitknot/pkg/query/default.go:218.15,219.26 1 1
github.com/aprksy/knitknot/pkg/query/default.go:220.11,221.26 1 7
github.com/aprksy/knitknot/pkg/query/default.go:222.13,223.26 1 1
github.com/aprksy/knitknot/pkg/query/default.go:224.14,226.23 2 1
github.com/aprksy/knitknot/pkg/query/default.go:227.10,228.18 1 0
github.com/aprksy/knitknot/pkg/storage/inmem/inmem.go:22.21,27.2 1 19
github.com/aprksy/knitknot/pkg/storage/inmem/inmem.go:29.79,41.38 5 26
github.com/aprksy/knitknot/pkg/storage/inmem/inmem.go:41.38,43.3 1 0
github.com/aprksy/knitknot/pkg/storage/inmem/inmem.go:44.2,45.16 2 26
github.com/aprksy/knitknot/pkg/storage/inmem/inmem.go:48.71,54.2 2 16
github.com/aprksy/knitknot/pkg/storage/inmem/inmem.go:56.68,58.2 1 0
github.com/aprksy/knitknot/pkg/storage/inmem/inmem.go:60.78,66.13 5 10
github.com/aprksy/knitknot/pkg/storage/inmem/inmem.go:66.13,68.3 1 1
github.com/aprksy/knitknot/pkg/storage/inmem/inmem.go:69.2,69.11 1 9
github.com/aprksy/knitknot/pkg/storage/inmem/inmem.go:69.11,71.3 1 1
github.com/aprksy/knitknot/pkg/storage/inmem/inmem.go:73.2,86.12 6 8
github.com/aprksy/knitknot/pkg/storage/inmem/inmem.go:89.58,94.2 4 14
github.com/aprksy/knitknot/pkg/storage/inmem/inmem.go:96.58,101.2 4 1
github.com/aprksy/knitknot/pkg/storage/inmem/inmem.go:103.47,107.28 4 1
github.com/aprksy/knitknot/pkg/storage/inmem/inmem.go:107.28,109.3 1 2
github.com/aprksy/knitknot/pkg/storage/inmem/inmem.go:110.2,110.13 1 1
github.com/aprksy/knitknot/pkg/storage/inmem/inmem.go:113.47,117.28 4 1
github.com/aprksy/knitknot/pkg/storage/inmem/inmem.go:117.28,119.3 1 1
github.com/aprksy/knitknot/pkg/storage/inmem/inmem.go:120.2,120.13 1 1
github.com/aprksy/knitknot/pkg/storage/inmem/inmem.go:123.59,124.46 1 4
github.com/aprksy/knitknot/pkg/storage/inmem/inmem.go:124.46,124.71 1 3
github.com/aprksy/knitknot/pkg/storage/inmem/inmem.go:127.55,128.46 1 0
github.com/aprksy/knitknot/pkg/storage/inmem/inmem.go:128.46,128.67 1 0
github.com/aprksy/knitknot/pkg/storage/inmem/inmem.go:131.61,132.46 1 0
github.com/aprksy/knitknot/pkg/storage/inmem/inmem.go:132.46,132.71 1 0
github.com/aprksy/knitknot/pkg/storage/inmem/inmem.go:135.69,140.9 4 3
github.com/aprksy/knitknot/pkg/storage/inmem/inmem.go:140.9,142.3 1 1
github.com/aprksy/knitknot/pkg/storage/inmem/inmem.go:144.2,145.12 2 2
github.com/aprksy/knitknot/pkg/storage/inmem/inmem.go:148.69,153.9 4 0
github.com/aprksy/knitknot/pkg/storage/inmem/inmem.go:153.9,155.3 1 0
github.com/aprksy/knitknot/pkg/storage/inmem/inmem.go:157.2,158.12 2 0
github.com/aprksy/knitknot/pkg/storage/inmem/inmem.go:161.73,165.28 4 4
github.com/aprksy/knitknot/pkg/storage/inmem/inmem.go:165.28,166.15 1 3
github.com/aprksy/knitknot/pkg/storage/inmem/inmem.go:166.15,168.4 1 3
github.com/aprksy/knitknot/pkg/storage/inmem/inmem.go:170.2,170.15 1 4
github.com/aprksy/knitknot/pkg/storage/inmem/inmem.go:173.61,178.28 4 3
github.com/aprksy/knitknot/pkg/storage/inmem/inmem.go:178.28,179.49 1 6
github.com/aprksy/knitknot/pkg/storage/inmem/inmem.go:179.49,181.4 1 4
github.com/aprksy/knitknot/pkg/storage/inmem/inmem.go:183.2,183.15 1 3
github.com/aprksy/knitknot/pkg/storage/inmem/inmem.go:186.61,191.28 4 1
github.com/aprksy/knitknot/pkg/storage/inmem/inmem.go:191.28,195.19 3 1
github.com/aprksy/knitknot/pkg/storage/inmem/inmem.go:195.19,196.12 1 0
github.com/aprksy/knitknot/pkg/storage/inmem/inmem.go:198.3,201.37 3 1
github.com/aprksy/knitknot/pkg/storage/inmem/inmem.go:201.37,203.50 1 1
github.com/aprksy/knitknot/pkg/storage/inmem/inmem.go:203.50,205.5 1 0
github.com/aprksy/knitknot/pkg/storage/inmem/inmem.go:205.10,210.5 3 1
github.com/aprksy/knitknot/pkg/storage/inmem/inmem.go:213.2,213.15 1 1
github.com/aprksy/knitknot/pkg/storage/inmem/inmem.go:216.47,219.31 3 3
github.com/aprksy/knitknot/pkg/storage/inmem/inmem.go:219.31,221.3 1 1
github.com/aprksy/knitknot/pkg/storage/inmem/inmem.go:222.2,224.12 2 2
github.com/aprksy/knitknot/pkg/storage/inmem/inmem.go:227.59,231.31 4 3
github.com/aprksy/knitknot/pkg/storage/inmem/inmem.go:231.31,233.3 1 1
github.com/aprksy/knitknot/pkg/storage/inmem/inmem.go:234.2,235.12 2 2
github.com/aprksy/knitknot/pkg/storage/inmem/inmem.go:239.47,240.14 1 36
github.com/aprksy/knitknot/pkg/storage/inmem/inmem.go:240.14,242.3 1 17
github.com/aprksy/knitknot/pkg/storage/inmem/inmem.go:243.2,244.22 2 19
github.com/aprksy/knitknot/pkg/storage/inmem/inmem.go:244.22,246.3 1 25
github.com/aprksy/knitknot/pkg/storage/inmem/inmem.go:247.2,247.11 1 19
github.com/aprksy/knitknot/pkg/storage/inmem/inmem.go:250.26,253.2 1 26
github.com/aprksy/knitknot/pkg/storage/inmem/persist.go:15.74,20.16 3 3
github.com/aprksy/knitknot/pkg/storage/inmem/persist.go:20.16,22.3 1 0
github.com/aprksy/knitknot/pkg/storage/inmem/persist.go:23.2,23.15 1 3
github.com/aprksy/knitknot/pkg/storage/inmem/persist.go:23.15,24.45 1 3
github.com/aprksy/knitknot/pkg/storage/inmem/persist.go:24.45,25.18 1 0
github.com/aprksy/knitknot/pkg/storage/inmem/persist.go:25.18,27.5 1 0
github.com/aprksy/knitknot/pkg/storage/inmem/persist.go:27.10,29.5 1 0
github.com/aprksy/knitknot/pkg/storage/inmem/persist.go:33.2,44.29 4 3
github.com/aprksy/knitknot/pkg/storage/inmem/persist.go:44.29,46.3 1 6
github.com/aprksy/knitknot/pkg/storage/inmem/persist.go:47.2,47.29 1 3
github.com/aprksy/knitknot/pkg/storage/inmem/persist.go:47.29,49.3 1 3
github.com/aprksy/knitknot/pkg/storage/inmem/persist.go:51.2,54.30 3 3
github.com/aprksy/knitknot/pkg/storage/inmem/persist.go:58.74,60.16 2 3
github.com/aprksy/knitknot/pkg/storage/inmem/persist.go:60.16,62.3 1 1
github.com/aprksy/knitknot/pkg/storage/inmem/persist.go:63.2,63.15 1 2
github.com/aprksy/knitknot/pkg/storage/inmem/persist.go:63.15,64.45 1 2
github.com/aprksy/knitknot/pkg/storage/inmem/persist.go:64.45,65.18 1 0
github.com/aprksy/knitknot/pkg/storage/inmem/persist.go:65.18,67.5 1 0
github.com/aprksy/knitknot/pkg/storage/inmem/persist.go:67.10,69.5 1 0
github.com/aprksy/knitknot/pkg/storage/inmem/persist.go:73.2,75.47 3 2
github.com/aprksy/knitknot/pkg/storage/inmem/persist.go:75.47,77.3 1 0
github.com/aprksy/knitknot/pkg/storage/inmem/persist.go:79.2,79.42 1 2
github.com/aprksy/knitknot/pkg/storage/inmem/persist.go:79.42,81.3 1 0
github.com/aprksy/knitknot/pkg/storage/inmem/persist.go:83.2,91.33 5 2
github.com/aprksy/knitknot/pkg/storage/inmem/persist.go:91.33,93.3 1 4
github.com/aprksy/knitknot/pkg/storage/inmem/persist.go:94.2,94.33 1 2
github.com/aprksy/knitknot/pkg/storage/inmem/persist.go:94.33,96.3 1 2
github.com/aprksy/knitknot/pkg/storage/inmem/persist.go:99.2,99.38 1 2
github.com/aprksy/knitknot/pkg/storage/inmem/persist.go:99.38,101.3 1 1
github.com/aprksy/knitknot/pkg/storage/inmem/persist.go:103.2,103.12 1 2
