mode: atomic
github.com/aprksy/knitknot/pkg/storage/inmem/inmem.go:22.21,27.2 1 6
github.com/aprksy/knitknot/pkg/storage/inmem/inmem.go:29.79,41.38 5 8
github.com/aprksy/knitknot/pkg/storage/inmem/inmem.go:41.38,43.3 1 0
github.com/aprksy/knitknot/pkg/storage/inmem/inmem.go:44.2,45.16 2 8
github.com/aprksy/knitknot/pkg/storage/inmem/inmem.go:48.71,54.2 2 16
github.com/aprksy/knitknot/pkg/storage/inmem/inmem.go:56.68,58.2 1 0
github.com/aprksy/knitknot/pkg/storage/inmem/inmem.go:60.78,66.13 5 4
github.com/aprksy/knitknot/pkg/storage/inmem/inmem.go:66.13,68.3 1 0
github.com/aprksy/knitknot/pkg/storage/inmem/inmem.go:69.2,69.11 1 4
github.com/aprksy/knitknot/pkg/storage/inmem/inmem.go:69.11,71.3 1 0
github.com/aprksy/knitknot/pkg/storage/inmem/inmem.go:73.2,86.12 6 4
github.com/aprksy/knitknot/pkg/storage/inmem/inmem.go:89.58,94.2 4 10
github.com/aprksy/knitknot/pkg/storage/inmem/inmem.go:96.47,100.28 4 1
github.com/aprksy/knitknot/pkg/storage/inmem/inmem.go:100.28,102.3 1 2
github.com/aprksy/knitknot/pkg/storage/inmem/inmem.go:103.2,103.13 1 1
github.com/aprksy/knitknot/pkg/storage/inmem/inmem.go:106.47,110.28 4 1
github.com/aprksy/knitknot/pkg/storage/inmem/inmem.go:110.28,112.3 1 1
github.com/aprksy/knitknot/pkg/storage/inmem/inmem.go:113.2,113.13 1 1
github.com/aprksy/knitknot/pkg/storage/inmem/inmem.go:116.59,117.46 1 1
github.com/aprksy/knitknot/pkg/storage/inmem/inmem.go:117.46,117.71 1 1
github.com/aprksy/knitknot/pkg/storage/inmem/inmem.go:120.55,121.46 1 0
github.com/aprksy/knitknot/pkg/storage/inmem/inmem.go:121.46,121.67 1 0
github.com/aprksy/knitknot/pkg/storage/inmem/inmem.go:124.61,125.46 1 0
github.com/aprksy/knitknot/pkg/storage/inmem/inmem.go:125.46,125.71 1 0
github.com/aprksy/knitknot/pkg/storage/inmem/inmem.go:128.73,132.28 4 1
github.com/aprksy/knitknot/pkg/storage/inmem/inmem.go:132.28,133.15 1 1
github.com/aprksy/knitknot/pkg/storage/inmem/inmem.go:133.15,135.4 1 1
github.com/aprksy/knitknot/pkg/storage/inmem/inmem.go:137.2,137.15 1 1
github.com/aprksy/knitknot/pkg/storage/inmem/inmem.go:140.61,145.28 4 3
github.com/aprksy/knitknot/pkg/storage/inmem/inmem.go:145.28,146.49 1 6
github.com/aprksy/knitknot/pkg/storage/inmem/inmem.go:146.49,148.4 1 4
github.com/aprksy/knitknot/pkg/storage/inmem/inmem.go:150.2,150.15 1 3
github.com/aprksy/knitknot/pkg/storage/inmem/inmem.go:153.61,158.28 4 1
github.com/aprksy/knitknot/pkg/storage/inmem/inmem.go:158.28,162.19 3 1
github.com/aprksy/knitknot/pkg/storage/inmem/inmem.go:162.19,163.12 1 0
github.com/aprksy/knitknot/pkg/storage/inmem/inmem.go:165.3,168.37 3 1
github.com/aprksy/knitknot/pkg/storage/inmem/inmem.go:168.37,170.50 1 1
github.com/aprksy/knitknot/pkg/storage/inmem/inmem.go:170.50,172.5 1 0
github.com/aprksy/knitknot/pkg/storage/inmem/inmem.go:172.10,177.5 3 1
github.com/aprksy/knitknot/pkg/storage/inmem/inmem.go:180.2,180.15 1 1
github.com/aprksy/knitknot/pkg/storage/inmem/inmem.go:184.47,185.14 1 12
github.com/aprksy/knitknot/pkg/storage/inmem/inmem.go:185.14,187.3 1 0
github.com/aprksy/knitknot/pkg/storage/inmem/inmem.go:188.2,189.22 2 12
github.com/aprksy/knitknot/pkg/storage/inmem/inmem.go:189.22,191.3 1 12
github.com/aprksy/knitknot/pkg/storage/inmem/inmem.go:192.2,192.11 1 12
github.com/aprksy/knitknot/pkg/storage/inmem/inmem.go:195.26,198.2 1 8
github.com/aprksy/knitknot/pkg/storage/inmem/persist.go:15.74,20.16 3 3
github.com/aprksy/knitknot/pkg/storage/inmem/persist.go:20.16,22.3 1 0
github.com/aprksy/knitknot/pkg/storage/inmem/persist.go:23.2,23.15 1 3
github.com/aprksy/knitknot/pkg/storage/inmem/persist.go:23.15,24.45 1 3
github.com/aprksy/knitknot/pkg/storage/inmem/persist.go:24.45,25.18 1 0
github.com/aprksy/knitknot/pkg/storage/inmem/persist.go:25.18,27.5 1 0
github.com/aprksy/knitknot/pkg/storage/inmem/persist.go:27.10,29.5 1 0
github.com/aprksy/knitknot/pkg/storage/inmem/persist.go:33.2,44.29 4 3
github.com/aprksy/knitknot/pkg/storage/inmem/persist.go:44.29,46.3 1 6
github.com/aprksy/knitknot/pkg/storage/inmem/persist.go:47.2,47.29 1 3
github.com/aprksy/knitknot/pkg/storage/inmem/persist.go:47.29,49.3 1 3
github.com/aprksy/knitknot/pkg/storage/inmem/persist.go:51.2,54.30 3 3
github.com/aprksy/knitknot/pkg/storage/inmem/persist.go:58.74,60.16 2 3
github.com/aprksy/knitknot/pkg/storage/inmem/persist.go:60.16,62.3 1 1
github.com/aprksy/knitknot/pkg/storage/inmem/persist.go:63.2,63.15 1 2
github.com/aprksy/knitknot/pkg/storage/inmem/persist.go:63.15,64.45 1 2
github.com/aprksy/knitknot/pkg/storage/inmem/persist.go:64.45,65.18 1 0
github.com/aprksy/knitknot/pkg/storage/inmem/persist.go:65.18,67.5 1 0
github.com/aprksy/knitknot/pkg/storage/inmem/persist.go:67.10,69.5 1 0
github.com/aprksy/knitknot/pkg/storage/inmem/persist.go:73.2,75.47 3 2
github.com/aprksy/knitknot/pkg/storage/inmem/persist.go:75.47,77.3 1 0
github.com/aprksy/knitknot/pkg/storage/inmem/persist.go:79.2,79.42 1 2
github.com/aprksy/knitknot/pkg/storage/inmem/persist.go:79.42,81.3 1 0
github.com/aprksy/knitknot/pkg/storage/inmem/persist.go:83.2,91.33 5 2
github.com/aprksy/knitknot/pkg/storage/inmem/persist.go:91.33,93.3 1 4
github.com/aprksy/knitknot/pkg/storage/inmem/persist.go:94.2,94.33 1 2
github.com/aprksy/knitknot/pkg/storage/inmem/persist.go:94.33,96.3 1 2
github.com/aprksy/knitknot/pkg/storage/inmem/persist.go:99.2,99.38 1 2
github.com/aprksy/knitknot/pkg/storage/inmem/persist.go:99.38,101.3 1 1
github.com/aprksy/knitknot/pkg/storage/inmem/persist.go:103.2,103.12 1 2
