mode: atomic
github.com/aprksy/knitknot/pkg/storage/inmem/inmem.go:22.21,27.2 1 19
github.com/aprksy/knitknot/pkg/storage/inmem/inmem.go:29.79,41.38 5 26
github.com/aprksy/knitknot/pkg/storage/inmem/inmem.go:41.38,43.3 1 0
github.com/aprksy/knitknot/pkg/storage/inmem/inmem.go:44.2,45.16 2 26
github.com/aprksy/knitknot/pkg/storage/inmem/inmem.go:48.71,54.2 2 16
github.com/aprksy/knitknot/pkg/storage/inmem/inmem.go:56.68,58.2 1 0
github.com/aprksy/knitknot/pkg/storage/inmem/inmem.go:60.78,66.13 5 10
github.com/aprksy/knitknot/pkg/storage/inmem/inmem.go:66.13,68.3 1 1
github.com/aprksy/knitknot/pkg/storage/inmem/inmem.go:69.2,69.11 1 9
github.com/aprksy/knitknot/pkg/storage/inmem/inmem.go:69.11,71.3 1 1
github.com/aprksy/knitknot/pkg/storage/inmem/inmem.go:73.2,86.12 6 8
github.com/aprksy/knitknot/pkg/storage/inmem/inmem.go:89.58,94.2 4 14
github.com/aprksy/knitknot/pkg/storage/inmem/inmem.go:96.58,101.2 4 1
github.com/aprksy/knitknot/pkg/storage/inmem/inmem.go:103.47,107.28 4 1
github.com/aprksy/knitknot/pkg/storage/inmem/inmem.go:107.28,109.3 1 2
github.com/aprksy/knitknot/pkg/storage/inmem/inmem.go:110.2,110.13 1 1
github.com/aprksy/knitknot/pkg/storage/inmem/inmem.go:113.47,117.28 4 1
github.com/aprksy/knitknot/pkg/storage/inmem/inmem.go:117.28,119.3 1 1
github.com/aprksy/knitknot/pkg/storage/inmem/inmem.go:120.2,120.13 1 1
github.com/aprksy/knitknot/pkg/storage/inmem/inmem.go:123.59,124.46 1 4
github.com/aprksy/knitknot/pkg/storage/inmem/inmem.go:124.46,124.71 1 3
github.com/aprksy/knitknot/pkg/storage/inmem/inmem.go:127.55,128.46 1 0
github.com/aprksy/knitknot/pkg/storage/inmem/inmem.go:128.46,128.67 1 0
github.com/aprksy/knitknot/pkg/storage/inmem/inmem.go:131.61,132.46 1 0
github.com/aprksy/knitknot/pkg/storage/inmem/inmem.go:132.46,132.71 1 0
github.com/aprksy/knitknot/pkg/storage/inmem/inmem.go:135.69,140.9 4 3
github.com/aprksy/knitknot/pkg/storage/inmem/inmem.go:140.9,142.3 1 1
github.com/aprksy/knitknot/pkg/storage/inmem/inmem.go:144.2,145.12 2 2
github.com/aprksy/knitknot/pkg/storage/inmem/inmem.go:148.69,153.9 4 0
github.com/aprksy/knitknot/pkg/storage/inmem/inmem.go:153.9,155.3 1 0
github.com/aprksy/knitknot/pkg/storage/inmem/inmem.go:157.2,158.12 2 0
github.com/aprksy/knitknot/pkg/storage/inmem/inmem.go:161.73,165.28 4 4
github.com/aprksy/knitknot/pkg/storage/inmem/inmem.go:165.28,166.15 1 3
github.com/aprksy/knitknot/pkg/storage/inmem/inmem.go:166.15,168.4 1 3
github.com/aprksy/knitknot/pkg/storage/inmem/inmem.go:170.2,170.15 1 4
github.com/aprksy/knitknot/pkg/storage/inmem/inmem.go:173.61,178.28 4 3
github.com/aprksy/knitknot/pkg/storage/inmem/inmem.go:178.28,179.49 1 6
github.com/aprksy/knitknot/pkg/storage/inmem/inmem.go:179.49,181.4 1 4
github.com/aprksy/knitknot/pkg/storage/inmem/inmem.go:183.2,183.15 1 3
github.com/aprksy/knitknot/pkg/storage/inmem/inmem.go:186.61,191.28 4 1
github.com/aprksy/knitknot/pkg/storage/inmem/inmem.go:191.28,195.19 3 1
github.com/aprksy/knitknot/pkg/storage/inmem/inmem.go:195.19,196.12 1 0
github.com/aprksy/knitknot/pkg/storage/inmem/inmem.go:198.3,201.37 3 1
github.com/aprksy/knitknot/pkg/storage/inmem/inmem.go:201.37,203.50 1 1
github.com/aprksy/knitknot/pkg/storage/inmem/inmem.go:203.50,205.5 1 0
github.com/aprksy/knitknot/pkg/storage/inmem/inmem.go:205.10,210.5 3 1
github.com/aprksy/knitknot/pkg/storage/inmem/inmem.go:213.2,213.15 1 1
github.com/aprksy/knitknot/pkg/storage/inmem/inmem.go:216.47,219.31 3 3
github.com/aprksy/knitknot/pkg/storage/inmem/inmem.go:219.31,221.3 1 1
github.com/aprksy/knitknot/pkg/storage/inmem/inmem.go:222.2,224.12 2 2
github.com/aprksy/knitknot/pkg/storage/inmem/inmem.go:227.59,231.31 4 3
github.com/aprksy/knitknot/pkg/storage/inmem/inmem.go:231.31,233.3 1 1
github.com/aprksy/knitknot/pkg/storage/inmem/inmem.go:234.2,235.12 2 2
github.com/aprksy/knitknot/pkg/storage/inmem/inmem.go:239.47,240.14 1 36
github.com/aprksy/knitknot/pkg/storage/inmem/inmem.go:240.14,242.3 1 17
github.com/aprksy/knitknot/pkg/storage/inmem/inmem.go:243.2,244.22 2 19
github.com/aprksy/knitknot/pkg/storage/inmem/inmem.go:244.22,246.3 1 25
github.com/aprksy/knitknot/pkg/storage/inmem/inmem.go:247.2,247.11 1 19
github.com/aprksy/knitknot/pkg/storage/inmem/inmem.go:250.26,253.2 1 26
github.com/aprksy/knitknot/pkg/storage/inmem/persist.go:15.74,20.16 3 3
github.com/aprksy/knitknot/pkg/storage/inmem/persist.go:20.16,22.3 1 0
github.com/aprksy/knitknot/pkg/storage/inmem/persist.go:23.2,23.15 1 3
github.com/aprksy/knitknot/pkg/storage/inmem/persist.go:23.15,24.45 1 3
github.com/aprksy/knitknot/pkg/storage/inmem/persist.go:24.45,25.18 1 0
github.com/aprksy/knitknot/pkg/storage/inmem/persist.go:25.18,27.5 1 0
github.com/aprksy/knitknot/pkg/storage/inmem/persist.go:27.10,29.5 1 0
github.com/aprksy/knitknot/pkg/storage/inmem/persist.go:33.2,44.29 4 3
github.com/aprksy/knitknot/pkg/storage/inmem/persist.go:44.29,46.3 1 6
github.com/aprksy/knitknot/pkg/storage/inmem/persist.go:47.2,47.29 1 3
github.com/aprksy/knitknot/pkg/storage/inmem/persist.go:47.29,49.3 1 3
github.com/aprksy/knitknot/pkg/storage/inmem/persist.go:51.2,54.30 3 3
github.com/aprksy/knitknot/pkg/storage/inmem/persist.go:58.74,60.16 2 3
github.com/aprksy/knitknot/pkg/storage/inmem/persist.go:60.16,62.3 1 1
github.com/aprksy/knitknot/pkg/storage/inmem/persist.go:63.2,63.15 1 2
github.com/aprksy/knitknot/pkg/storage/inmem/persist.go:63.15,64.45 1 2
github.com/aprksy/knitknot/pkg/storage/inmem/persist.go:64.45,65.18 1 0
github.com/aprksy/knitknot/pkg/storage/inmem/persist.go:65.18,67.5 1 0
github.com/aprksy/knitknot/pkg/storage/inmem/persist.go:67.10,69.5 1 0
github.com/aprksy/knitknot/pkg/storage/inmem/persist.go:73.2,75.47 3 2
github.com/aprksy/knitknot/pkg/storage/inmem/persist.go:75.47,77.3 1 0
github.com/aprksy/knitknot/pkg/storage/inmem/persist.go:79.2,79.42 1 2
github.com/aprksy/knitknot/pkg/storage/inmem/persist.go:79.42,81.3 1 0
github.com/aprksy/knitknot/pkg/storage/inmem/persist.go:83.2,91.33 5 2
github.com/aprksy/knitknot/pkg/storage/inmem/persist.go:91.33,93.3 1 4
github.com/aprksy/knitknot/pkg/storage/inmem/persist.go:94.2,94.33 1 2
github.com/aprksy/knitknot/pkg/storage/inmem/persist.go:94.33,96.3 1 2
github.com/aprksy/knitknot/pkg/storage/inmem/persist.go:99.2,99.38 1 2
github.com/aprksy/knitknot/pkg/storage/inmem/persist.go:99.38,101.3 1 1
github.com/aprksy/knitknot/pkg/storage/inmem/persist.go:103.2,103.12 1 2
