mode: atomic
github.com/aprksy/knitknot/pkg/query/default.go:17.50,19.2 1 8
github.com/aprksy/knitknot/pkg/query/default.go:25.28,29.26 2 6
github.com/aprksy/knitknot/pkg/query/default.go:29.26,31.3 1 0
github.com/aprksy/knitknot/pkg/query/default.go:33.2,36.34 3 6
github.com/aprksy/knitknot/pkg/query/default.go:36.34,42.3 2 16
github.com/aprksy/knitknot/pkg/query/default.go:45.2,45.41 1 6
github.com/aprksy/knitknot/pkg/query/default.go:45.41,47.3 1 2
github.com/aprksy/knitknot/pkg/query/default.go:50.2,53.60 2 6
github.com/aprksy/knitknot/pkg/query/default.go:53.60,55.3 1 0
github.com/aprksy/knitknot/pkg/query/default.go:57.2,57.36 1 6
github.com/aprksy/knitknot/pkg/query/default.go:60.101,61.28 1 10
github.com/aprksy/knitknot/pkg/query/default.go:61.28,64.22 2 10
github.com/aprksy/knitknot/pkg/query/default.go:64.22,65.12 1 0
github.com/aprksy/knitknot/pkg/query/default.go:67.3,70.10 3 10
github.com/aprksy/knitknot/pkg/query/default.go:70.10,72.4 1 0
github.com/aprksy/knitknot/pkg/query/default.go:74.3,75.10 2 10
github.com/aprksy/knitknot/pkg/query/default.go:75.10,77.4 1 0
github.com/aprksy/knitknot/pkg/query/default.go:79.3,79.35 1 10
github.com/aprksy/knitknot/pkg/query/default.go:79.35,81.4 1 4
github.com/aprksy/knitknot/pkg/query/default.go:83.2,83.13 1 6
github.com/aprksy/knitknot/pkg/query/default.go:86.127,88.27 2 6
github.com/aprksy/knitknot/pkg/query/default.go:88.27,89.36 1 10
github.com/aprksy/knitknot/pkg/query/default.go:89.36,91.4 1 6
github.com/aprksy/knitknot/pkg/query/default.go:94.2,94.15 1 6
github.com/aprksy/knitknot/pkg/query/default.go:97.98,98.26 1 2
github.com/aprksy/knitknot/pkg/query/default.go:98.26,99.23 1 4
github.com/aprksy/knitknot/pkg/query/default.go:99.23,101.4 1 2
github.com/aprksy/knitknot/pkg/query/default.go:103.2,103.11 1 0
github.com/aprksy/knitknot/pkg/query/default.go:112.28,119.27 5 2
github.com/aprksy/knitknot/pkg/query/default.go:119.27,121.10 2 8
github.com/aprksy/knitknot/pkg/query/default.go:121.10,122.12 1 0
github.com/aprksy/knitknot/pkg/query/default.go:126.3,126.55 1 8
github.com/aprksy/knitknot/pkg/query/default.go:126.55,127.22 1 4
github.com/aprksy/knitknot/pkg/query/default.go:127.22,128.13 1 1
github.com/aprksy/knitknot/pkg/query/default.go:132.4,132.52 1 3
github.com/aprksy/knitknot/pkg/query/default.go:132.52,133.13 1 1
github.com/aprksy/knitknot/pkg/query/default.go:136.4,137.11 2 2
github.com/aprksy/knitknot/pkg/query/default.go:137.11,138.13 1 0
github.com/aprksy/knitknot/pkg/query/default.go:141.4,142.60 2 2
github.com/aprksy/knitknot/pkg/query/default.go:142.60,143.13 1 0
github.com/aprksy/knitknot/pkg/query/default.go:146.4,151.39 3 2
github.com/aprksy/knitknot/pkg/query/default.go:155.2,155.17 1 2
github.com/aprksy/knitknot/pkg/query/default.go:158.95,159.28 1 3
github.com/aprksy/knitknot/pkg/query/default.go:159.28,161.10 2 2
github.com/aprksy/knitknot/pkg/query/default.go:161.10,163.4 1 0
github.com/aprksy/knitknot/pkg/query/default.go:164.3,164.35 1 2
github.com/aprksy/knitknot/pkg/query/default.go:164.35,166.4 1 1
github.com/aprksy/knitknot/pkg/query/default.go:168.2,168.13 1 2
github.com/aprksy/knitknot/pkg/query/default.go:171.63,172.14 1 8
github.com/aprksy/knitknot/pkg/query/default.go:172.14,174.3 1 0
github.com/aprksy/knitknot/pkg/query/default.go:175.2,176.22 2 8
github.com/aprksy/knitknot/pkg/query/default.go:176.22,178.3 1 10
github.com/aprksy/knitknot/pkg/query/default.go:179.2,179.11 1 8
github.com/aprksy/knitknot/pkg/query/default.go:182.74,184.26 2 6
github.com/aprksy/knitknot/pkg/query/default.go:184.26,185.23 1 19
github.com/aprksy/knitknot/pkg/query/default.go:185.23,187.4 1 16
github.com/aprksy/knitknot/pkg/query/default.go:189.2,189.17 1 6
github.com/aprksy/knitknot/pkg/query/default.go:192.44,193.12 1 12
github.com/aprksy/knitknot/pkg/query/default.go:194.11,195.16 1 4
github.com/aprksy/knitknot/pkg/query/default.go:196.12,197.16 1 2
github.com/aprksy/knitknot/pkg/query/default.go:198.11,199.31 1 4
github.com/aprksy/knitknot/pkg/query/default.go:199.31,200.32 1 4
github.com/aprksy/knitknot/pkg/query/default.go:200.32,202.5 1 4
github.com/aprksy/knitknot/pkg/query/default.go:204.11,205.31 1 2
github.com/aprksy/knitknot/pkg/query/default.go:205.31,206.32 1 2
github.com/aprksy/knitknot/pkg/query/default.go:206.32,208.5 1 2
github.com/aprksy/knitknot/pkg/query/default.go:211.2,211.14 1 0
github.com/aprksy/knitknot/pkg/query/default.go:214.37,215.23 1 12
github.com/aprksy/knitknot/pkg/query/default.go:216.15,217.17 1 2
github.com/aprksy/knitknot/pkg/query/default.go:218.15,219.26 1 1
github.com/aprksy/knitknot/pkg/query/default.go:220.11,221.26 1 7
github.com/aprksy/knitknot/pkg/query/default.go:222.13,223.26 1 1
github.com/aprksy/knitknot/pkg/query/default.go:224.14,226.23 2 1
github.com/aprksy/knitknot/pkg/query/default.go:227.10,228.18 1 0
